2025-09-21 21:56:03 | INFO | Processed JSON message: {'message': 'I just tried travel! It was amazing.', 'author': 'Charlie', 'timestamp': '2025-09-21 21:56:02', 'category': 'travel', 'sentiment': 0.3, 'keyword_mentioned': 'travel', 'message_length': 36}
2025-09-21 21:56:03 | INFO | Message received at hour 21 in category: travel
2025-09-21 21:56:03 | INFO | Updated hourly category counts for hour 21: {'humor': 82, 'tech': 133, 'food': 62, 'travel': 60, 'entertainment': 62, 'gaming': 71, 'other': 202}
2025-09-21 21:56:03 | INFO | Chart updated successfully
2025-09-21 21:56:07 | INFO | {'message': 'I just tried a movie! It was exciting.', 'author': 'Alice', 'timestamp': '2025-09-21 21:56:07', 'category': 'entertainment', 'sentiment': 0.8, 'keyword_mentioned': 'movie', 'message_length': 38}
2025-09-21 21:56:07 | INFO | Sent message to Kafka topic 'project_json': {'message': 'I just tried a movie! It was exciting.', 'author': 'Alice', 'timestamp': '2025-09-21 21:56:07', 'category': 'entertainment', 'sentiment': 0.8, 'keyword_mentioned': 'movie', 'message_length': 38}
2025-09-21 21:56:08 | INFO | Processed JSON message: {'message': 'I just tried a movie! It was exciting.', 'author': 'Alice', 'timestamp': '2025-09-21 21:56:07', 'category': 'entertainment', 'sentiment': 0.8, 'keyword_mentioned': 'movie', 'message_length': 38}
2025-09-21 21:56:08 | INFO | Message received at hour 21 in category: entertainment
2025-09-21 21:56:08 | INFO | Updated hourly category counts for hour 21: {'humor': 82, 'tech': 133, 'food': 62, 'travel': 60, 'entertainment': 63, 'gaming': 71, 'other': 202}
2025-09-21 21:56:08 | INFO | Chart updated successfully
2025-09-21 21:56:12 | INFO | {'message': 'I just saw travel! It was exciting.', 'author': 'Bob', 'timestamp': '2025-09-21 21:56:12', 'category': 'travel', 'sentiment': 0.01, 'keyword_mentioned': 'travel', 'message_length': 35}
2025-09-21 21:56:12 | INFO | Sent message to Kafka topic 'project_json': {'message': 'I just saw travel! It was exciting.', 'author': 'Bob', 'timestamp': '2025-09-21 21:56:12', 'category': 'travel', 'sentiment': 0.01, 'keyword_mentioned': 'travel', 'message_length': 35}
2025-09-21 21:56:13 | INFO | Processed JSON message: {'message': 'I just saw travel! It was exciting.', 'author': 'Bob', 'timestamp': '2025-09-21 21:56:12', 'category': 'travel', 'sentiment': 0.01, 'keyword_mentioned': 'travel', 'message_length': 35}
2025-09-21 21:56:13 | INFO | Message received at hour 21 in category: travel
2025-09-21 21:56:13 | INFO | Updated hourly category counts for hour 21: {'humor': 82, 'tech': 133, 'food': 62, 'travel': 61, 'entertainment': 63, 'gaming': 71, 'other': 202}
2025-09-21 21:56:13 | INFO | Chart updated successfully
2025-09-21 21:56:17 | INFO | {'message': 'I just saw recipe! It was exciting.', 'author': 'Bob', 'timestamp': '2025-09-21 21:56:17', 'category': 'food', 'sentiment': 0.96, 'keyword_mentioned': 'recipe', 'message_length': 35}
2025-09-21 21:56:17 | INFO | Sent message to Kafka topic 'project_json': {'message': 'I just saw recipe! It was exciting.', 'author': 'Bob', 'timestamp': '2025-09-21 21:56:17', 'category': 'food', 'sentiment': 0.96, 'keyword_mentioned': 'recipe', 'message_length': 35}
2025-09-21 21:56:18 | INFO | Processed JSON message: {'message': 'I just saw recipe! It was exciting.', 'author': 'Bob', 'timestamp': '2025-09-21 21:56:17', 'category': 'food', 'sentiment': 0.96, 'keyword_mentioned': 'recipe', 'message_length': 35}
2025-09-21 21:56:18 | INFO | Message received at hour 21 in category: food
2025-09-21 21:56:18 | INFO | Updated hourly category counts for hour 21: {'humor': 82, 'tech': 133, 'food': 63, 'travel': 61, 'entertainment': 63, 'gaming': 71, 'other': 202}
2025-09-21 21:56:18 | INFO | Chart updated successfully
2025-09-21 21:56:22 | INFO | {'message': 'I just loved a meme! It was boring.', 'author': 'Charlie', 'timestamp': '2025-09-21 21:56:22', 'category': 'humor', 'sentiment': 0.57, 'keyword_mentioned': 'meme', 'message_length': 35}
2025-09-21 21:56:22 | INFO | Sent message to Kafka topic 'project_json': {'message': 'I just loved a meme! It was boring.', 'author': 'Charlie', 'timestamp': '2025-09-21 21:56:22', 'category': 'humor', 'sentiment': 0.57, 'keyword_mentioned': 'meme', 'message_length': 35}
2025-09-21 21:56:23 | INFO | Processed JSON message: {'message': 'I just loved a meme! It was boring.', 'author': 'Charlie', 'timestamp': '2025-09-21 21:56:22', 'category': 'humor', 'sentiment': 0.57, 'keyword_mentioned': 'meme', 'message_length': 35}
2025-09-21 21:56:23 | INFO | Message received at hour 21 in category: humor
2025-09-21 21:56:23 | INFO | Updated hourly category counts for hour 21: {'humor': 83, 'tech': 133, 'food': 63, 'travel': 61, 'entertainment': 63, 'gaming': 71, 'other': 202}
2025-09-21 21:56:23 | INFO | Chart updated successfully
2025-09-21 21:56:27 | INFO | {'message': 'I just tried Python! It was exciting.', 'author': 'Bob', 'timestamp': '2025-09-21 21:56:27', 'category': 'tech', 'sentiment': 0.46, 'keyword_mentioned': 'Python', 'message_length': 37}
2025-09-21 21:56:27 | INFO | Sent message to Kafka topic 'project_json': {'message': 'I just tried Python! It was exciting.', 'author': 'Bob', 'timestamp': '2025-09-21 21:56:27', 'category': 'tech', 'sentiment': 0.46, 'keyword_mentioned': 'Python', 'message_length': 37}
2025-09-21 21:56:28 | INFO | Processed JSON message: {'message': 'I just tried Python! It was exciting.', 'author': 'Bob', 'timestamp': '2025-09-21 21:56:27', 'category': 'tech', 'sentiment': 0.46, 'keyword_mentioned': 'Python', 'message_length': 37}
2025-09-21 21:56:28 | INFO | Message received at hour 21 in category: tech
2025-09-21 21:56:28 | INFO | Updated hourly category counts for hour 21: {'humor': 83, 'tech': 134, 'food': 63, 'travel': 61, 'entertainment': 63, 'gaming': 71, 'other': 202}
2025-09-21 21:56:28 | INFO | Chart updated successfully
2025-09-21 21:56:32 | INFO | {'message': 'I just found Python! It was boring.', 'author': 'Alice', 'timestamp': '2025-09-21 21:56:32', 'category': 'tech', 'sentiment': 0.83, 'keyword_mentioned': 'Python', 'message_length': 35}
2025-09-21 21:56:32 | INFO | Sent message to Kafka topic 'project_json': {'message': 'I just found Python! It was boring.', 'author': 'Alice', 'timestamp': '2025-09-21 21:56:32', 'category': 'tech', 'sentiment': 0.83, 'keyword_mentioned': 'Python', 'message_length': 35}
2025-09-21 21:56:33 | INFO | Processed JSON message: {'message': 'I just found Python! It was boring.', 'author': 'Alice', 'timestamp': '2025-09-21 21:56:32', 'category': 'tech', 'sentiment': 0.83, 'keyword_mentioned': 'Python', 'message_length': 35}
2025-09-21 21:56:33 | INFO | Message received at hour 21 in category: tech
2025-09-21 21:56:33 | INFO | Updated hourly category counts for hour 21: {'humor': 83, 'tech': 135, 'food': 63, 'travel': 61, 'entertainment': 63, 'gaming': 71, 'other': 202}
2025-09-21 21:56:33 | INFO | Chart updated successfully
2025-09-21 21:56:37 | INFO | {'message': 'I just saw a movie! It was boring.', 'author': 'Charlie', 'timestamp': '2025-09-21 21:56:37', 'category': 'entertainment', 'sentiment': 0.92, 'keyword_mentioned': 'movie', 'message_length': 34}
2025-09-21 21:56:37 | INFO | Sent message to Kafka topic 'project_json': {'message': 'I just saw a movie! It was boring.', 'author': 'Charlie', 'timestamp': '2025-09-21 21:56:37', 'category': 'entertainment', 'sentiment': 0.92, 'keyword_mentioned': 'movie', 'message_length': 34}
2025-09-21 21:56:38 | INFO | Processed JSON message: {'message': 'I just saw a movie! It was boring.', 'author': 'Charlie', 'timestamp': '2025-09-21 21:56:37', 'category': 'entertainment', 'sentiment': 0.92, 'keyword_mentioned': 'movie', 'message_length': 34}
2025-09-21 21:56:38 | INFO | Message received at hour 21 in category: entertainment
2025-09-21 21:56:38 | INFO | Updated hourly category counts for hour 21: {'humor': 83, 'tech': 135, 'food': 63, 'travel': 61, 'entertainment': 64, 'gaming': 71, 'other': 202}
2025-09-21 21:56:38 | INFO | Chart updated successfully
2025-09-21 21:56:42 | INFO | {'message': 'I just loved a meme! It was weird.', 'author': 'Alice', 'timestamp': '2025-09-21 21:56:42', 'category': 'humor', 'sentiment': 0.53, 'keyword_mentioned': 'meme', 'message_length': 34}
2025-09-21 21:56:42 | INFO | Sent message to Kafka topic 'project_json': {'message': 'I just loved a meme! It was weird.', 'author': 'Alice', 'timestamp': '2025-09-21 21:56:42', 'category': 'humor', 'sentiment': 0.53, 'keyword_mentioned': 'meme', 'message_length': 34}
2025-09-21 21:56:43 | INFO | Processed JSON message: {'message': 'I just loved a meme! It was weird.', 'author': 'Alice', 'timestamp': '2025-09-21 21:56:42', 'category': 'humor', 'sentiment': 0.53, 'keyword_mentioned': 'meme', 'message_length': 34}
2025-09-21 21:56:43 | INFO | Message received at hour 21 in category: humor
2025-09-21 21:56:43 | INFO | Updated hourly category counts for hour 21: {'humor': 84, 'tech': 135, 'food': 63, 'travel': 61, 'entertainment': 64, 'gaming': 71, 'other': 202}
2025-09-21 21:56:43 | INFO | Chart updated successfully
2025-09-21 21:56:47 | INFO | {'message': 'I just loved recipe! It was funny.', 'author': 'Bob', 'timestamp': '2025-09-21 21:56:47', 'category': 'food', 'sentiment': 0.44, 'keyword_mentioned': 'recipe', 'message_length': 34}
2025-09-21 21:56:47 | INFO | Sent message to Kafka topic 'project_json': {'message': 'I just loved recipe! It was funny.', 'author': 'Bob', 'timestamp': '2025-09-21 21:56:47', 'category': 'food', 'sentiment': 0.44, 'keyword_mentioned': 'recipe', 'message_length': 34}
2025-09-21 21:56:48 | INFO | Processed JSON message: {'message': 'I just loved recipe! It was funny.', 'author': 'Bob', 'timestamp': '2025-09-21 21:56:47', 'category': 'food', 'sentiment': 0.44, 'keyword_mentioned': 'recipe', 'message_length': 34}
2025-09-21 21:56:48 | INFO | Message received at hour 21 in category: food
2025-09-21 21:56:48 | INFO | Updated hourly category counts for hour 21: {'humor': 84, 'tech': 135, 'food': 64, 'travel': 61, 'entertainment': 64, 'gaming': 71, 'other': 202}
2025-09-21 21:56:48 | INFO | Chart updated successfully
2025-09-21 21:56:52 | INFO | {'message': 'I just saw a story! It was amazing.', 'author': 'Alice', 'timestamp': '2025-09-21 21:56:52', 'category': 'other', 'sentiment': 0.38, 'keyword_mentioned': 'other', 'message_length': 35}
2025-09-21 21:56:52 | INFO | Sent message to Kafka topic 'project_json': {'message': 'I just saw a story! It was amazing.', 'author': 'Alice', 'timestamp': '2025-09-21 21:56:52', 'category': 'other', 'sentiment': 0.38, 'keyword_mentioned': 'other', 'message_length': 35}
2025-09-21 21:56:53 | INFO | Processed JSON message: {'message': 'I just saw a story! It was amazing.', 'author': 'Alice', 'timestamp': '2025-09-21 21:56:52', 'category': 'other', 'sentiment': 0.38, 'keyword_mentioned': 'other', 'message_length': 35}
2025-09-21 21:56:53 | INFO | Message received at hour 21 in category: other
2025-09-21 21:56:53 | INFO | Updated hourly category counts for hour 21: {'humor': 84, 'tech': 135, 'food': 64, 'travel': 61, 'entertainment': 64, 'gaming': 71, 'other': 203}
2025-09-21 21:56:53 | INFO | Chart updated successfully
2025-09-21 21:56:57 | INFO | {'message': 'I just saw a trick! It was funny.', 'author': 'Bob', 'timestamp': '2025-09-21 21:56:57', 'category': 'other', 'sentiment': 0.69, 'keyword_mentioned': 'other', 'message_length': 33}
2025-09-21 21:56:57 | INFO | Sent message to Kafka topic 'project_json': {'message': 'I just saw a trick! It was funny.', 'author': 'Bob', 'timestamp': '2025-09-21 21:56:57', 'category': 'other', 'sentiment': 0.69, 'keyword_mentioned': 'other', 'message_length': 33}
2025-09-21 21:56:58 | INFO | Processed JSON message: {'message': 'I just saw a trick! It was funny.', 'author': 'Bob', 'timestamp': '2025-09-21 21:56:57', 'category': 'other', 'sentiment': 0.69, 'keyword_mentioned': 'other', 'message_length': 33}
2025-09-21 21:56:58 | INFO | Message received at hour 21 in category: other
2025-09-21 21:56:58 | INFO | Updated hourly category counts for hour 21: {'humor': 84, 'tech': 135, 'food': 64, 'travel': 61, 'entertainment': 64, 'gaming': 71, 'other': 204}
2025-09-21 21:56:58 | INFO | Chart updated successfully
2025-09-21 21:57:02 | INFO | {'message': 'I just saw a story! It was boring.', 'author': 'Charlie', 'timestamp': '2025-09-21 21:57:02', 'category': 'other', 'sentiment': 0.13, 'keyword_mentioned': 'other', 'message_length': 34}
2025-09-21 21:57:02 | INFO | Sent message to Kafka topic 'project_json': {'message': 'I just saw a story! It was boring.', 'author': 'Charlie', 'timestamp': '2025-09-21 21:57:02', 'category': 'other', 'sentiment': 0.13, 'keyword_mentioned': 'other', 'message_length': 34}
2025-09-21 21:57:03 | INFO | Processed JSON message: {'message': 'I just saw a story! It was boring.', 'author': 'Charlie', 'timestamp': '2025-09-21 21:57:02', 'category': 'other', 'sentiment': 0.13, 'keyword_mentioned': 'other', 'message_length': 34}
2025-09-21 21:57:03 | INFO | Message received at hour 21 in category: other
2025-09-21 21:57:03 | INFO | Updated hourly category counts for hour 21: {'humor': 84, 'tech': 135, 'food': 64, 'travel': 61, 'entertainment': 64, 'gaming': 71, 'other': 205}
2025-09-21 21:57:03 | INFO | Chart updated successfully
2025-09-21 21:57:07 | INFO | {'message': 'I just tried a meme! It was funny.', 'author': 'Bob', 'timestamp': '2025-09-21 21:57:07', 'category': 'humor', 'sentiment': 0.56, 'keyword_mentioned': 'meme', 'message_length': 34}
2025-09-21 21:57:07 | INFO | Sent message to Kafka topic 'project_json': {'message': 'I just tried a meme! It was funny.', 'author': 'Bob', 'timestamp': '2025-09-21 21:57:07', 'category': 'humor', 'sentiment': 0.56, 'keyword_mentioned': 'meme', 'message_length': 34}
2025-09-21 21:57:07 | INFO | Processed JSON message: {'message': 'I just tried a meme! It was funny.', 'author': 'Bob', 'timestamp': '2025-09-21 21:57:07', 'category': 'humor', 'sentiment': 0.56, 'keyword_mentioned': 'meme', 'message_length': 34}
2025-09-21 21:57:07 | INFO | Message received at hour 21 in category: humor
2025-09-21 21:57:07 | INFO | Updated hourly category counts for hour 21: {'humor': 85, 'tech': 135, 'food': 64, 'travel': 61, 'entertainment': 64, 'gaming': 71, 'other': 205}
2025-09-21 21:57:08 | INFO | Chart updated successfully
2025-09-21 21:57:12 | INFO | {'message': 'I just shared Python! It was funny.', 'author': 'Bob', 'timestamp': '2025-09-21 21:57:12', 'category': 'tech', 'sentiment': 0.11, 'keyword_mentioned': 'Python', 'message_length': 35}
2025-09-21 21:57:12 | INFO | Sent message to Kafka topic 'project_json': {'message': 'I just shared Python! It was funny.', 'author': 'Bob', 'timestamp': '2025-09-21 21:57:12', 'category': 'tech', 'sentiment': 0.11, 'keyword_mentioned': 'Python', 'message_length': 35}
2025-09-21 21:57:13 | INFO | Processed JSON message: {'message': 'I just shared Python! It was funny.', 'author': 'Bob', 'timestamp': '2025-09-21 21:57:12', 'category': 'tech', 'sentiment': 0.11, 'keyword_mentioned': 'Python', 'message_length': 35}
2025-09-21 21:57:13 | INFO | Message received at hour 21 in category: tech
2025-09-21 21:57:13 | INFO | Updated hourly category counts for hour 21: {'humor': 85, 'tech': 136, 'food': 64, 'travel': 61, 'entertainment': 64, 'gaming': 71, 'other': 205}
2025-09-21 21:57:13 | INFO | Chart updated successfully
2025-09-21 21:57:17 | INFO | {'message': 'I just shared travel! It was weird.', 'author': 'Eve', 'timestamp': '2025-09-21 21:57:17', 'category': 'travel', 'sentiment': 0.31, 'keyword_mentioned': 'travel', 'message_length': 35}
2025-09-21 21:57:17 | INFO | Sent message to Kafka topic 'project_json': {'message': 'I just shared travel! It was weird.', 'author': 'Eve', 'timestamp': '2025-09-21 21:57:17', 'category': 'travel', 'sentiment': 0.31, 'keyword_mentioned': 'travel', 'message_length': 35}
2025-09-21 21:57:18 | INFO | Processed JSON message: {'message': 'I just shared travel! It was weird.', 'author': 'Eve', 'timestamp': '2025-09-21 21:57:17', 'category': 'travel', 'sentiment': 0.31, 'keyword_mentioned': 'travel', 'message_length': 35}
2025-09-21 21:57:18 | INFO | Message received at hour 21 in category: travel
2025-09-21 21:57:18 | INFO | Updated hourly category counts for hour 21: {'humor': 85, 'tech': 136, 'food': 64, 'travel': 62, 'entertainment': 64, 'gaming': 71, 'other': 205}
2025-09-21 21:57:18 | INFO | Chart updated successfully
2025-09-21 21:57:22 | INFO | {'message': 'I just loved a meme! It was amazing.', 'author': 'Charlie', 'timestamp': '2025-09-21 21:57:22', 'category': 'humor', 'sentiment': 0.82, 'keyword_mentioned': 'meme', 'message_length': 36}
2025-09-21 21:57:22 | INFO | Sent message to Kafka topic 'project_json': {'message': 'I just loved a meme! It was amazing.', 'author': 'Charlie', 'timestamp': '2025-09-21 21:57:22', 'category': 'humor', 'sentiment': 0.82, 'keyword_mentioned': 'meme', 'message_length': 36}
2025-09-21 21:57:23 | INFO | Processed JSON message: {'message': 'I just loved a meme! It was amazing.', 'author': 'Charlie', 'timestamp': '2025-09-21 21:57:22', 'category': 'humor', 'sentiment': 0.82, 'keyword_mentioned': 'meme', 'message_length': 36}
2025-09-21 21:57:23 | INFO | Message received at hour 21 in category: humor
2025-09-21 21:57:23 | INFO | Updated hourly category counts for hour 21: {'humor': 86, 'tech': 136, 'food': 64, 'travel': 62, 'entertainment': 64, 'gaming': 71, 'other': 205}
2025-09-21 21:57:23 | INFO | Chart updated successfully
2025-09-21 21:57:27 | INFO | {'message': 'I just found Python! It was funny.', 'author': 'Bob', 'timestamp': '2025-09-21 21:57:27', 'category': 'tech', 'sentiment': 0.23, 'keyword_mentioned': 'Python', 'message_length': 34}
2025-09-21 21:57:27 | INFO | Sent message to Kafka topic 'project_json': {'message': 'I just found Python! It was funny.', 'author': 'Bob', 'timestamp': '2025-09-21 21:57:27', 'category': 'tech', 'sentiment': 0.23, 'keyword_mentioned': 'Python', 'message_length': 34}
2025-09-21 21:57:28 | INFO | Processed JSON message: {'message': 'I just found Python! It was funny.', 'author': 'Bob', 'timestamp': '2025-09-21 21:57:27', 'category': 'tech', 'sentiment': 0.23, 'keyword_mentioned': 'Python', 'message_length': 34}
2025-09-21 21:57:28 | INFO | Message received at hour 21 in category: tech
2025-09-21 21:57:28 | INFO | Updated hourly category counts for hour 21: {'humor': 86, 'tech': 137, 'food': 64, 'travel': 62, 'entertainment': 64, 'gaming': 71, 'other': 205}
2025-09-21 21:57:28 | INFO | Chart updated successfully
2025-09-21 21:57:33 | INFO | {'message': 'I just saw a meme! It was exciting.', 'author': 'Bob', 'timestamp': '2025-09-21 21:57:33', 'category': 'humor', 'sentiment': 0.01, 'keyword_mentioned': 'meme', 'message_length': 35}
2025-09-21 21:57:33 | INFO | Sent message to Kafka topic 'project_json': {'message': 'I just saw a meme! It was exciting.', 'author': 'Bob', 'timestamp': '2025-09-21 21:57:33', 'category': 'humor', 'sentiment': 0.01, 'keyword_mentioned': 'meme', 'message_length': 35}
2025-09-21 21:57:33 | INFO | Processed JSON message: {'message': 'I just saw a meme! It was exciting.', 'author': 'Bob', 'timestamp': '2025-09-21 21:57:33', 'category': 'humor', 'sentiment': 0.01, 'keyword_mentioned': 'meme', 'message_length': 35}
2025-09-21 21:57:33 | INFO | Message received at hour 21 in category: humor
2025-09-21 21:57:33 | INFO | Updated hourly category counts for hour 21: {'humor': 87, 'tech': 137, 'food': 64, 'travel': 62, 'entertainment': 64, 'gaming': 71, 'other': 205}
2025-09-21 21:57:33 | INFO | Chart updated successfully
2025-09-21 21:57:38 | INFO | {'message': 'I just found an app! It was amazing.', 'author': 'Bob', 'timestamp': '2025-09-21 21:57:38', 'category': 'other', 'sentiment': 0.38, 'keyword_mentioned': 'other', 'message_length': 36}
2025-09-21 21:57:38 | INFO | Sent message to Kafka topic 'project_json': {'message': 'I just found an app! It was amazing.', 'author': 'Bob', 'timestamp': '2025-09-21 21:57:38', 'category': 'other', 'sentiment': 0.38, 'keyword_mentioned': 'other', 'message_length': 36}
2025-09-21 21:57:38 | INFO | Processed JSON message: {'message': 'I just found an app! It was amazing.', 'author': 'Bob', 'timestamp': '2025-09-21 21:57:38', 'category': 'other', 'sentiment': 0.38, 'keyword_mentioned': 'other', 'message_length': 36}
2025-09-21 21:57:38 | INFO | Message received at hour 21 in category: other
2025-09-21 21:57:38 | INFO | Updated hourly category counts for hour 21: {'humor': 87, 'tech': 137, 'food': 64, 'travel': 62, 'entertainment': 64, 'gaming': 71, 'other': 206}
2025-09-21 21:57:38 | INFO | Chart updated successfully
2025-09-21 21:57:43 | INFO | {'message': 'I just found Python! It was boring.', 'author': 'Alice', 'timestamp': '2025-09-21 21:57:43', 'category': 'tech', 'sentiment': 0.19, 'keyword_mentioned': 'Python', 'message_length': 35}
2025-09-21 21:57:43 | INFO | Sent message to Kafka topic 'project_json': {'message': 'I just found Python! It was boring.', 'author': 'Alice', 'timestamp': '2025-09-21 21:57:43', 'category': 'tech', 'sentiment': 0.19, 'keyword_mentioned': 'Python', 'message_length': 35}
2025-09-21 21:57:43 | INFO | Processed JSON message: {'message': 'I just found Python! It was boring.', 'author': 'Alice', 'timestamp': '2025-09-21 21:57:43', 'category': 'tech', 'sentiment': 0.19, 'keyword_mentioned': 'Python', 'message_length': 35}
2025-09-21 21:57:43 | INFO | Message received at hour 21 in category: tech
2025-09-21 21:57:43 | INFO | Updated hourly category counts for hour 21: {'humor': 87, 'tech': 138, 'food': 64, 'travel': 62, 'entertainment': 64, 'gaming': 71, 'other': 206}
2025-09-21 21:57:43 | INFO | Chart updated successfully
2025-09-21 21:57:48 | INFO | {'message': 'I just loved a story! It was amazing.', 'author': 'Alice', 'timestamp': '2025-09-21 21:57:48', 'category': 'other', 'sentiment': 0.59, 'keyword_mentioned': 'other', 'message_length': 37}
2025-09-21 21:57:48 | INFO | Sent message to Kafka topic 'project_json': {'message': 'I just loved a story! It was amazing.', 'author': 'Alice', 'timestamp': '2025-09-21 21:57:48', 'category': 'other', 'sentiment': 0.59, 'keyword_mentioned': 'other', 'message_length': 37}
2025-09-21 21:57:48 | INFO | Processed JSON message: {'message': 'I just loved a story! It was amazing.', 'author': 'Alice', 'timestamp': '2025-09-21 21:57:48', 'category': 'other', 'sentiment': 0.59, 'keyword_mentioned': 'other', 'message_length': 37}
2025-09-21 21:57:48 | INFO | Message received at hour 21 in category: other
2025-09-21 21:57:48 | INFO | Updated hourly category counts for hour 21: {'humor': 87, 'tech': 138, 'food': 64, 'travel': 62, 'entertainment': 64, 'gaming': 71, 'other': 207}
2025-09-21 21:57:48 | INFO | Chart updated successfully
2025-09-21 21:57:53 | INFO | {'message': 'I just found recipe! It was funny.', 'author': 'Eve', 'timestamp': '2025-09-21 21:57:53', 'category': 'food', 'sentiment': 0.66, 'keyword_mentioned': 'recipe', 'message_length': 34}
2025-09-21 21:57:53 | INFO | Sent message to Kafka topic 'project_json': {'message': 'I just found recipe! It was funny.', 'author': 'Eve', 'timestamp': '2025-09-21 21:57:53', 'category': 'food', 'sentiment': 0.66, 'keyword_mentioned': 'recipe', 'message_length': 34}
2025-09-21 21:57:53 | INFO | Processed JSON message: {'message': 'I just found recipe! It was funny.', 'author': 'Eve', 'timestamp': '2025-09-21 21:57:53', 'category': 'food', 'sentiment': 0.66, 'keyword_mentioned': 'recipe', 'message_length': 34}
2025-09-21 21:57:53 | INFO | Message received at hour 21 in category: food
2025-09-21 21:57:53 | INFO | Updated hourly category counts for hour 21: {'humor': 87, 'tech': 138, 'food': 65, 'travel': 62, 'entertainment': 64, 'gaming': 71, 'other': 207}
2025-09-21 21:57:53 | INFO | Chart updated successfully
2025-09-21 21:57:58 | INFO | {'message': 'I just shared Python! It was exciting.', 'author': 'Alice', 'timestamp': '2025-09-21 21:57:58', 'category': 'tech', 'sentiment': 0.29, 'keyword_mentioned': 'Python', 'message_length': 38}
2025-09-21 21:57:58 | INFO | Sent message to Kafka topic 'project_json': {'message': 'I just shared Python! It was exciting.', 'author': 'Alice', 'timestamp': '2025-09-21 21:57:58', 'category': 'tech', 'sentiment': 0.29, 'keyword_mentioned': 'Python', 'message_length': 38}
2025-09-21 21:57:58 | INFO | Processed JSON message: {'message': 'I just shared Python! It was exciting.', 'author': 'Alice', 'timestamp': '2025-09-21 21:57:58', 'category': 'tech', 'sentiment': 0.29, 'keyword_mentioned': 'Python', 'message_length': 38}
2025-09-21 21:57:58 | INFO | Message received at hour 21 in category: tech
2025-09-21 21:57:58 | INFO | Updated hourly category counts for hour 21: {'humor': 87, 'tech': 139, 'food': 65, 'travel': 62, 'entertainment': 64, 'gaming': 71, 'other': 207}
2025-09-21 21:57:58 | INFO | Chart updated successfully
2025-09-21 21:58:03 | INFO | {'message': 'I just found JavaScript! It was amazing.', 'author': 'Eve', 'timestamp': '2025-09-21 21:58:03', 'category': 'tech', 'sentiment': 0.13, 'keyword_mentioned': 'JavaScript', 'message_length': 40}
2025-09-21 21:58:03 | INFO | Sent message to Kafka topic 'project_json': {'message': 'I just found JavaScript! It was amazing.', 'author': 'Eve', 'timestamp': '2025-09-21 21:58:03', 'category': 'tech', 'sentiment': 0.13, 'keyword_mentioned': 'JavaScript', 'message_length': 40}
2025-09-21 21:58:03 | INFO | Processed JSON message: {'message': 'I just found JavaScript! It was amazing.', 'author': 'Eve', 'timestamp': '2025-09-21 21:58:03', 'category': 'tech', 'sentiment': 0.13, 'keyword_mentioned': 'JavaScript', 'message_length': 40}
2025-09-21 21:58:03 | INFO | Message received at hour 21 in category: tech
2025-09-21 21:58:03 | INFO | Updated hourly category counts for hour 21: {'humor': 87, 'tech': 140, 'food': 65, 'travel': 62, 'entertainment': 64, 'gaming': 71, 'other': 207}
2025-09-21 21:58:03 | INFO | Chart updated successfully
2025-09-21 21:58:08 | INFO | {'message': 'I just found Python! It was funny.', 'author': 'Alice', 'timestamp': '2025-09-21 21:58:08', 'category': 'tech', 'sentiment': 0.93, 'keyword_mentioned': 'Python', 'message_length': 34}
2025-09-21 21:58:08 | INFO | Sent message to Kafka topic 'project_json': {'message': 'I just found Python! It was funny.', 'author': 'Alice', 'timestamp': '2025-09-21 21:58:08', 'category': 'tech', 'sentiment': 0.93, 'keyword_mentioned': 'Python', 'message_length': 34}
2025-09-21 21:58:08 | INFO | Processed JSON message: {'message': 'I just found Python! It was funny.', 'author': 'Alice', 'timestamp': '2025-09-21 21:58:08', 'category': 'tech', 'sentiment': 0.93, 'keyword_mentioned': 'Python', 'message_length': 34}
2025-09-21 21:58:08 | INFO | Message received at hour 21 in category: tech
2025-09-21 21:58:08 | INFO | Updated hourly category counts for hour 21: {'humor': 87, 'tech': 141, 'food': 65, 'travel': 62, 'entertainment': 64, 'gaming': 71, 'other': 207}
2025-09-21 21:58:08 | INFO | Chart updated successfully
2025-09-21 21:58:13 | INFO | {'message': 'I just shared game! It was funny.', 'author': 'Eve', 'timestamp': '2025-09-21 21:58:13', 'category': 'gaming', 'sentiment': 0.44, 'keyword_mentioned': 'game', 'message_length': 33}
2025-09-21 21:58:13 | INFO | Sent message to Kafka topic 'project_json': {'message': 'I just shared game! It was funny.', 'author': 'Eve', 'timestamp': '2025-09-21 21:58:13', 'category': 'gaming', 'sentiment': 0.44, 'keyword_mentioned': 'game', 'message_length': 33}
2025-09-21 21:58:13 | INFO | Processed JSON message: {'message': 'I just shared game! It was funny.', 'author': 'Eve', 'timestamp': '2025-09-21 21:58:13', 'category': 'gaming', 'sentiment': 0.44, 'keyword_mentioned': 'game', 'message_length': 33}
2025-09-21 21:58:13 | INFO | Message received at hour 21 in category: gaming
2025-09-21 21:58:13 | INFO | Updated hourly category counts for hour 21: {'humor': 87, 'tech': 141, 'food': 65, 'travel': 62, 'entertainment': 64, 'gaming': 72, 'other': 207}
2025-09-21 21:58:13 | INFO | Chart updated successfully
2025-09-21 21:58:18 | INFO | {'message': 'I just saw an app! It was exciting.', 'author': 'Eve', 'timestamp': '2025-09-21 21:58:18', 'category': 'other', 'sentiment': 0.61, 'keyword_mentioned': 'other', 'message_length': 35}
2025-09-21 21:58:18 | INFO | Sent message to Kafka topic 'project_json': {'message': 'I just saw an app! It was exciting.', 'author': 'Eve', 'timestamp': '2025-09-21 21:58:18', 'category': 'other', 'sentiment': 0.61, 'keyword_mentioned': 'other', 'message_length': 35}
2025-09-21 21:58:18 | INFO | Processed JSON message: {'message': 'I just saw an app! It was exciting.', 'author': 'Eve', 'timestamp': '2025-09-21 21:58:18', 'category': 'other', 'sentiment': 0.61, 'keyword_mentioned': 'other', 'message_length': 35}
2025-09-21 21:58:18 | INFO | Message received at hour 21 in category: other
2025-09-21 21:58:18 | INFO | Updated hourly category counts for hour 21: {'humor': 87, 'tech': 141, 'food': 65, 'travel': 62, 'entertainment': 64, 'gaming': 72, 'other': 208}
2025-09-21 21:58:18 | INFO | Chart updated successfully
2025-09-21 21:58:23 | INFO | {'message': 'I just saw a movie! It was amazing.', 'author': 'Eve', 'timestamp': '2025-09-21 21:58:23', 'category': 'entertainment', 'sentiment': 0.93, 'keyword_mentioned': 'movie', 'message_length': 35}
2025-09-21 21:58:23 | INFO | Sent message to Kafka topic 'project_json': {'message': 'I just saw a movie! It was amazing.', 'author': 'Eve', 'timestamp': '2025-09-21 21:58:23', 'category': 'entertainment', 'sentiment': 0.93, 'keyword_mentioned': 'movie', 'message_length': 35}
2025-09-21 21:58:23 | INFO | Processed JSON message: {'message': 'I just saw a movie! It was amazing.', 'author': 'Eve', 'timestamp': '2025-09-21 21:58:23', 'category': 'entertainment', 'sentiment': 0.93, 'keyword_mentioned': 'movie', 'message_length': 35}
2025-09-21 21:58:23 | INFO | Message received at hour 21 in category: entertainment
2025-09-21 21:58:23 | INFO | Updated hourly category counts for hour 21: {'humor': 87, 'tech': 141, 'food': 65, 'travel': 62, 'entertainment': 65, 'gaming': 72, 'other': 208}
2025-09-21 21:58:23 | INFO | Chart updated successfully
2025-09-21 21:58:28 | INFO | {'message': 'I just loved an app! It was funny.', 'author': 'Charlie', 'timestamp': '2025-09-21 21:58:28', 'category': 'other', 'sentiment': 0.23, 'keyword_mentioned': 'other', 'message_length': 34}
2025-09-21 21:58:28 | INFO | Sent message to Kafka topic 'project_json': {'message': 'I just loved an app! It was funny.', 'author': 'Charlie', 'timestamp': '2025-09-21 21:58:28', 'category': 'other', 'sentiment': 0.23, 'keyword_mentioned': 'other', 'message_length': 34}
2025-09-21 21:58:28 | INFO | Processed JSON message: {'message': 'I just loved an app! It was funny.', 'author': 'Charlie', 'timestamp': '2025-09-21 21:58:28', 'category': 'other', 'sentiment': 0.23, 'keyword_mentioned': 'other', 'message_length': 34}
2025-09-21 21:58:28 | INFO | Message received at hour 21 in category: other
2025-09-21 21:58:28 | INFO | Updated hourly category counts for hour 21: {'humor': 87, 'tech': 141, 'food': 65, 'travel': 62, 'entertainment': 65, 'gaming': 72, 'other': 209}
2025-09-21 21:58:28 | INFO | Chart updated successfully
2025-09-21 21:58:33 | INFO | {'message': 'I just saw travel! It was boring.', 'author': 'Charlie', 'timestamp': '2025-09-21 21:58:33', 'category': 'travel', 'sentiment': 0.32, 'keyword_mentioned': 'travel', 'message_length': 33}
2025-09-21 21:58:33 | INFO | Sent message to Kafka topic 'project_json': {'message': 'I just saw travel! It was boring.', 'author': 'Charlie', 'timestamp': '2025-09-21 21:58:33', 'category': 'travel', 'sentiment': 0.32, 'keyword_mentioned': 'travel', 'message_length': 33}
2025-09-21 21:58:33 | INFO | Processed JSON message: {'message': 'I just saw travel! It was boring.', 'author': 'Charlie', 'timestamp': '2025-09-21 21:58:33', 'category': 'travel', 'sentiment': 0.32, 'keyword_mentioned': 'travel', 'message_length': 33}
2025-09-21 21:58:33 | INFO | Message received at hour 21 in category: travel
2025-09-21 21:58:33 | INFO | Updated hourly category counts for hour 21: {'humor': 87, 'tech': 141, 'food': 65, 'travel': 63, 'entertainment': 65, 'gaming': 72, 'other': 209}
2025-09-21 21:58:33 | INFO | Chart updated successfully
2025-09-21 21:58:38 | INFO | {'message': 'I just tried JavaScript! It was boring.', 'author': 'Eve', 'timestamp': '2025-09-21 21:58:38', 'category': 'tech', 'sentiment': 0.08, 'keyword_mentioned': 'JavaScript', 'message_length': 39}
2025-09-21 21:58:38 | INFO | Sent message to Kafka topic 'project_json': {'message': 'I just tried JavaScript! It was boring.', 'author': 'Eve', 'timestamp': '2025-09-21 21:58:38', 'category': 'tech', 'sentiment': 0.08, 'keyword_mentioned': 'JavaScript', 'message_length': 39}
2025-09-21 21:58:38 | INFO | Processed JSON message: {'message': 'I just tried JavaScript! It was boring.', 'author': 'Eve', 'timestamp': '2025-09-21 21:58:38', 'category': 'tech', 'sentiment': 0.08, 'keyword_mentioned': 'JavaScript', 'message_length': 39}
2025-09-21 21:58:38 | INFO | Message received at hour 21 in category: tech
2025-09-21 21:58:38 | INFO | Updated hourly category counts for hour 21: {'humor': 87, 'tech': 142, 'food': 65, 'travel': 63, 'entertainment': 65, 'gaming': 72, 'other': 209}
2025-09-21 21:58:38 | INFO | Chart updated successfully
2025-09-21 21:58:43 | INFO | {'message': 'I just tried Python! It was funny.', 'author': 'Bob', 'timestamp': '2025-09-21 21:58:43', 'category': 'tech', 'sentiment': 0.03, 'keyword_mentioned': 'Python', 'message_length': 34}
2025-09-21 21:58:43 | INFO | Sent message to Kafka topic 'project_json': {'message': 'I just tried Python! It was funny.', 'author': 'Bob', 'timestamp': '2025-09-21 21:58:43', 'category': 'tech', 'sentiment': 0.03, 'keyword_mentioned': 'Python', 'message_length': 34}
2025-09-21 21:58:43 | INFO | Processed JSON message: {'message': 'I just tried Python! It was funny.', 'author': 'Bob', 'timestamp': '2025-09-21 21:58:43', 'category': 'tech', 'sentiment': 0.03, 'keyword_mentioned': 'Python', 'message_length': 34}
2025-09-21 21:58:43 | INFO | Message received at hour 21 in category: tech
2025-09-21 21:58:43 | INFO | Updated hourly category counts for hour 21: {'humor': 87, 'tech': 143, 'food': 65, 'travel': 63, 'entertainment': 65, 'gaming': 72, 'other': 209}
2025-09-21 21:58:43 | INFO | Chart updated successfully
2025-09-21 21:58:48 | INFO | {'message': 'I just saw JavaScript! It was amazing.', 'author': 'Eve', 'timestamp': '2025-09-21 21:58:48', 'category': 'tech', 'sentiment': 0.27, 'keyword_mentioned': 'JavaScript', 'message_length': 38}
2025-09-21 21:58:48 | INFO | Sent message to Kafka topic 'project_json': {'message': 'I just saw JavaScript! It was amazing.', 'author': 'Eve', 'timestamp': '2025-09-21 21:58:48', 'category': 'tech', 'sentiment': 0.27, 'keyword_mentioned': 'JavaScript', 'message_length': 38}
2025-09-21 21:58:48 | INFO | Processed JSON message: {'message': 'I just saw JavaScript! It was amazing.', 'author': 'Eve', 'timestamp': '2025-09-21 21:58:48', 'category': 'tech', 'sentiment': 0.27, 'keyword_mentioned': 'JavaScript', 'message_length': 38}
2025-09-21 21:58:48 | INFO | Message received at hour 21 in category: tech
2025-09-21 21:58:48 | INFO | Updated hourly category counts for hour 21: {'humor': 87, 'tech': 144, 'food': 65, 'travel': 63, 'entertainment': 65, 'gaming': 72, 'other': 209}
2025-09-21 21:58:48 | INFO | Chart updated successfully
2025-09-21 21:58:53 | INFO | {'message': 'I just tried a trick! It was boring.', 'author': 'Charlie', 'timestamp': '2025-09-21 21:58:53', 'category': 'other', 'sentiment': 0.45, 'keyword_mentioned': 'other', 'message_length': 36}
2025-09-21 21:58:53 | INFO | Sent message to Kafka topic 'project_json': {'message': 'I just tried a trick! It was boring.', 'author': 'Charlie', 'timestamp': '2025-09-21 21:58:53', 'category': 'other', 'sentiment': 0.45, 'keyword_mentioned': 'other', 'message_length': 36}
2025-09-21 21:58:53 | INFO | Processed JSON message: {'message': 'I just tried a trick! It was boring.', 'author': 'Charlie', 'timestamp': '2025-09-21 21:58:53', 'category': 'other', 'sentiment': 0.45, 'keyword_mentioned': 'other', 'message_length': 36}
2025-09-21 21:58:53 | INFO | Message received at hour 21 in category: other
2025-09-21 21:58:53 | INFO | Updated hourly category counts for hour 21: {'humor': 87, 'tech': 144, 'food': 65, 'travel': 63, 'entertainment': 65, 'gaming': 72, 'other': 210}
2025-09-21 21:58:53 | INFO | Chart updated successfully
2025-09-21 21:58:58 | INFO | {'message': 'I just shared JavaScript! It was weird.', 'author': 'Eve', 'timestamp': '2025-09-21 21:58:58', 'category': 'tech', 'sentiment': 0.98, 'keyword_mentioned': 'JavaScript', 'message_length': 39}
2025-09-21 21:58:58 | INFO | Sent message to Kafka topic 'project_json': {'message': 'I just shared JavaScript! It was weird.', 'author': 'Eve', 'timestamp': '2025-09-21 21:58:58', 'category': 'tech', 'sentiment': 0.98, 'keyword_mentioned': 'JavaScript', 'message_length': 39}
2025-09-21 21:58:58 | INFO | Processed JSON message: {'message': 'I just shared JavaScript! It was weird.', 'author': 'Eve', 'timestamp': '2025-09-21 21:58:58', 'category': 'tech', 'sentiment': 0.98, 'keyword_mentioned': 'JavaScript', 'message_length': 39}
2025-09-21 21:58:58 | INFO | Message received at hour 21 in category: tech
2025-09-21 21:58:58 | INFO | Updated hourly category counts for hour 21: {'humor': 87, 'tech': 145, 'food': 65, 'travel': 63, 'entertainment': 65, 'gaming': 72, 'other': 210}
2025-09-21 21:58:58 | INFO | Chart updated successfully
2025-09-21 21:59:03 | INFO | {'message': 'I just found a story! It was weird.', 'author': 'Charlie', 'timestamp': '2025-09-21 21:59:03', 'category': 'other', 'sentiment': 0.22, 'keyword_mentioned': 'other', 'message_length': 35}
2025-09-21 21:59:03 | INFO | Sent message to Kafka topic 'project_json': {'message': 'I just found a story! It was weird.', 'author': 'Charlie', 'timestamp': '2025-09-21 21:59:03', 'category': 'other', 'sentiment': 0.22, 'keyword_mentioned': 'other', 'message_length': 35}
2025-09-21 21:59:03 | INFO | Processed JSON message: {'message': 'I just found a story! It was weird.', 'author': 'Charlie', 'timestamp': '2025-09-21 21:59:03', 'category': 'other', 'sentiment': 0.22, 'keyword_mentioned': 'other', 'message_length': 35}
2025-09-21 21:59:03 | INFO | Message received at hour 21 in category: other
2025-09-21 21:59:03 | INFO | Updated hourly category counts for hour 21: {'humor': 87, 'tech': 145, 'food': 65, 'travel': 63, 'entertainment': 65, 'gaming': 72, 'other': 211}
2025-09-21 21:59:03 | INFO | Chart updated successfully
2025-09-21 21:59:08 | INFO | {'message': 'I just loved JavaScript! It was exciting.', 'author': 'Eve', 'timestamp': '2025-09-21 21:59:08', 'category': 'tech', 'sentiment': 0.27, 'keyword_mentioned': 'JavaScript', 'message_length': 41}
2025-09-21 21:59:08 | INFO | Sent message to Kafka topic 'project_json': {'message': 'I just loved JavaScript! It was exciting.', 'author': 'Eve', 'timestamp': '2025-09-21 21:59:08', 'category': 'tech', 'sentiment': 0.27, 'keyword_mentioned': 'JavaScript', 'message_length': 41}
2025-09-21 21:59:08 | INFO | Processed JSON message: {'message': 'I just loved JavaScript! It was exciting.', 'author': 'Eve', 'timestamp': '2025-09-21 21:59:08', 'category': 'tech', 'sentiment': 0.27, 'keyword_mentioned': 'JavaScript', 'message_length': 41}
2025-09-21 21:59:08 | INFO | Message received at hour 21 in category: tech
2025-09-21 21:59:08 | INFO | Updated hourly category counts for hour 21: {'humor': 87, 'tech': 146, 'food': 65, 'travel': 63, 'entertainment': 65, 'gaming': 72, 'other': 211}
2025-09-21 21:59:08 | INFO | Chart updated successfully
2025-09-21 21:59:13 | INFO | {'message': 'I just saw a movie! It was amazing.', 'author': 'Alice', 'timestamp': '2025-09-21 21:59:13', 'category': 'entertainment', 'sentiment': 0.49, 'keyword_mentioned': 'movie', 'message_length': 35}
2025-09-21 21:59:13 | INFO | Sent message to Kafka topic 'project_json': {'message': 'I just saw a movie! It was amazing.', 'author': 'Alice', 'timestamp': '2025-09-21 21:59:13', 'category': 'entertainment', 'sentiment': 0.49, 'keyword_mentioned': 'movie', 'message_length': 35}
2025-09-21 21:59:13 | INFO | Processed JSON message: {'message': 'I just saw a movie! It was amazing.', 'author': 'Alice', 'timestamp': '2025-09-21 21:59:13', 'category': 'entertainment', 'sentiment': 0.49, 'keyword_mentioned': 'movie', 'message_length': 35}
2025-09-21 21:59:13 | INFO | Message received at hour 21 in category: entertainment
2025-09-21 21:59:13 | INFO | Updated hourly category counts for hour 21: {'humor': 87, 'tech': 146, 'food': 65, 'travel': 63, 'entertainment': 66, 'gaming': 72, 'other': 211}
2025-09-21 21:59:13 | INFO | Chart updated successfully
2025-09-21 21:59:18 | INFO | {'message': 'I just shared a trick! It was amazing.', 'author': 'Bob', 'timestamp': '2025-09-21 21:59:18', 'category': 'other', 'sentiment': 0.67, 'keyword_mentioned': 'other', 'message_length': 38}
2025-09-21 21:59:18 | INFO | Sent message to Kafka topic 'project_json': {'message': 'I just shared a trick! It was amazing.', 'author': 'Bob', 'timestamp': '2025-09-21 21:59:18', 'category': 'other', 'sentiment': 0.67, 'keyword_mentioned': 'other', 'message_length': 38}
2025-09-21 21:59:18 | INFO | Processed JSON message: {'message': 'I just shared a trick! It was amazing.', 'author': 'Bob', 'timestamp': '2025-09-21 21:59:18', 'category': 'other', 'sentiment': 0.67, 'keyword_mentioned': 'other', 'message_length': 38}
2025-09-21 21:59:18 | INFO | Message received at hour 21 in category: other
2025-09-21 21:59:18 | INFO | Updated hourly category counts for hour 21: {'humor': 87, 'tech': 146, 'food': 65, 'travel': 63, 'entertainment': 66, 'gaming': 72, 'other': 212}
2025-09-21 21:59:18 | INFO | Chart updated successfully
2025-09-21 21:59:23 | INFO | {'message': 'I just loved a movie! It was exciting.', 'author': 'Bob', 'timestamp': '2025-09-21 21:59:23', 'category': 'entertainment', 'sentiment': 0.36, 'keyword_mentioned': 'movie', 'message_length': 38}
2025-09-21 21:59:23 | INFO | Sent message to Kafka topic 'project_json': {'message': 'I just loved a movie! It was exciting.', 'author': 'Bob', 'timestamp': '2025-09-21 21:59:23', 'category': 'entertainment', 'sentiment': 0.36, 'keyword_mentioned': 'movie', 'message_length': 38}
2025-09-21 21:59:23 | INFO | Processed JSON message: {'message': 'I just loved a movie! It was exciting.', 'author': 'Bob', 'timestamp': '2025-09-21 21:59:23', 'category': 'entertainment', 'sentiment': 0.36, 'keyword_mentioned': 'movie', 'message_length': 38}
2025-09-21 21:59:23 | INFO | Message received at hour 21 in category: entertainment
2025-09-21 21:59:23 | INFO | Updated hourly category counts for hour 21: {'humor': 87, 'tech': 146, 'food': 65, 'travel': 63, 'entertainment': 67, 'gaming': 72, 'other': 212}
2025-09-21 21:59:23 | INFO | Chart updated successfully
2025-09-21 21:59:28 | INFO | {'message': 'I just shared recipe! It was funny.', 'author': 'Eve', 'timestamp': '2025-09-21 21:59:28', 'category': 'food', 'sentiment': 0.5, 'keyword_mentioned': 'recipe', 'message_length': 35}
2025-09-21 21:59:28 | INFO | Sent message to Kafka topic 'project_json': {'message': 'I just shared recipe! It was funny.', 'author': 'Eve', 'timestamp': '2025-09-21 21:59:28', 'category': 'food', 'sentiment': 0.5, 'keyword_mentioned': 'recipe', 'message_length': 35}
2025-09-21 21:59:28 | INFO | Processed JSON message: {'message': 'I just shared recipe! It was funny.', 'author': 'Eve', 'timestamp': '2025-09-21 21:59:28', 'category': 'food', 'sentiment': 0.5, 'keyword_mentioned': 'recipe', 'message_length': 35}
2025-09-21 21:59:28 | INFO | Message received at hour 21 in category: food
2025-09-21 21:59:28 | INFO | Updated hourly category counts for hour 21: {'humor': 87, 'tech': 146, 'food': 66, 'travel': 63, 'entertainment': 67, 'gaming': 72, 'other': 212}
2025-09-21 21:59:28 | INFO | Chart updated successfully
2025-09-21 21:59:33 | INFO | {'message': 'I just saw JavaScript! It was exciting.', 'author': 'Bob', 'timestamp': '2025-09-21 21:59:33', 'category': 'tech', 'sentiment': 0.65, 'keyword_mentioned': 'JavaScript', 'message_length': 39}
2025-09-21 21:59:33 | INFO | Sent message to Kafka topic 'project_json': {'message': 'I just saw JavaScript! It was exciting.', 'author': 'Bob', 'timestamp': '2025-09-21 21:59:33', 'category': 'tech', 'sentiment': 0.65, 'keyword_mentioned': 'JavaScript', 'message_length': 39}
2025-09-21 21:59:33 | INFO | Processed JSON message: {'message': 'I just saw JavaScript! It was exciting.', 'author': 'Bob', 'timestamp': '2025-09-21 21:59:33', 'category': 'tech', 'sentiment': 0.65, 'keyword_mentioned': 'JavaScript', 'message_length': 39}
2025-09-21 21:59:33 | INFO | Message received at hour 21 in category: tech
2025-09-21 21:59:33 | INFO | Updated hourly category counts for hour 21: {'humor': 87, 'tech': 147, 'food': 66, 'travel': 63, 'entertainment': 67, 'gaming': 72, 'other': 212}
2025-09-21 21:59:33 | INFO | Chart updated successfully
2025-09-21 21:59:38 | INFO | {'message': 'I just loved a movie! It was amazing.', 'author': 'Bob', 'timestamp': '2025-09-21 21:59:38', 'category': 'entertainment', 'sentiment': 0.19, 'keyword_mentioned': 'movie', 'message_length': 37}
2025-09-21 21:59:38 | INFO | Sent message to Kafka topic 'project_json': {'message': 'I just loved a movie! It was amazing.', 'author': 'Bob', 'timestamp': '2025-09-21 21:59:38', 'category': 'entertainment', 'sentiment': 0.19, 'keyword_mentioned': 'movie', 'message_length': 37}
2025-09-21 21:59:38 | INFO | Processed JSON message: {'message': 'I just loved a movie! It was amazing.', 'author': 'Bob', 'timestamp': '2025-09-21 21:59:38', 'category': 'entertainment', 'sentiment': 0.19, 'keyword_mentioned': 'movie', 'message_length': 37}
2025-09-21 21:59:38 | INFO | Message received at hour 21 in category: entertainment
2025-09-21 21:59:38 | INFO | Updated hourly category counts for hour 21: {'humor': 87, 'tech': 147, 'food': 66, 'travel': 63, 'entertainment': 68, 'gaming': 72, 'other': 212}
2025-09-21 21:59:38 | INFO | Chart updated successfully
2025-09-21 21:59:43 | INFO | {'message': 'I just found JavaScript! It was boring.', 'author': 'Alice', 'timestamp': '2025-09-21 21:59:43', 'category': 'tech', 'sentiment': 0.24, 'keyword_mentioned': 'JavaScript', 'message_length': 39}
2025-09-21 21:59:43 | INFO | Sent message to Kafka topic 'project_json': {'message': 'I just found JavaScript! It was boring.', 'author': 'Alice', 'timestamp': '2025-09-21 21:59:43', 'category': 'tech', 'sentiment': 0.24, 'keyword_mentioned': 'JavaScript', 'message_length': 39}
2025-09-21 21:59:43 | INFO | Processed JSON message: {'message': 'I just found JavaScript! It was boring.', 'author': 'Alice', 'timestamp': '2025-09-21 21:59:43', 'category': 'tech', 'sentiment': 0.24, 'keyword_mentioned': 'JavaScript', 'message_length': 39}
2025-09-21 21:59:43 | INFO | Message received at hour 21 in category: tech
2025-09-21 21:59:43 | INFO | Updated hourly category counts for hour 21: {'humor': 87, 'tech': 148, 'food': 66, 'travel': 63, 'entertainment': 68, 'gaming': 72, 'other': 212}
2025-09-21 21:59:43 | INFO | Chart updated successfully
2025-09-21 21:59:48 | INFO | {'message': 'I just saw JavaScript! It was funny.', 'author': 'Alice', 'timestamp': '2025-09-21 21:59:48', 'category': 'tech', 'sentiment': 0.2, 'keyword_mentioned': 'JavaScript', 'message_length': 36}
2025-09-21 21:59:48 | INFO | Sent message to Kafka topic 'project_json': {'message': 'I just saw JavaScript! It was funny.', 'author': 'Alice', 'timestamp': '2025-09-21 21:59:48', 'category': 'tech', 'sentiment': 0.2, 'keyword_mentioned': 'JavaScript', 'message_length': 36}
2025-09-21 21:59:48 | INFO | Processed JSON message: {'message': 'I just saw JavaScript! It was funny.', 'author': 'Alice', 'timestamp': '2025-09-21 21:59:48', 'category': 'tech', 'sentiment': 0.2, 'keyword_mentioned': 'JavaScript', 'message_length': 36}
2025-09-21 21:59:48 | INFO | Message received at hour 21 in category: tech
2025-09-21 21:59:48 | INFO | Updated hourly category counts for hour 21: {'humor': 87, 'tech': 149, 'food': 66, 'travel': 63, 'entertainment': 68, 'gaming': 72, 'other': 212}
2025-09-21 21:59:48 | INFO | Chart updated successfully
2025-09-21 21:59:53 | INFO | {'message': 'I just saw Python! It was weird.', 'author': 'Bob', 'timestamp': '2025-09-21 21:59:53', 'category': 'tech', 'sentiment': 0.1, 'keyword_mentioned': 'Python', 'message_length': 32}
2025-09-21 21:59:53 | INFO | Sent message to Kafka topic 'project_json': {'message': 'I just saw Python! It was weird.', 'author': 'Bob', 'timestamp': '2025-09-21 21:59:53', 'category': 'tech', 'sentiment': 0.1, 'keyword_mentioned': 'Python', 'message_length': 32}
2025-09-21 21:59:53 | INFO | Processed JSON message: {'message': 'I just saw Python! It was weird.', 'author': 'Bob', 'timestamp': '2025-09-21 21:59:53', 'category': 'tech', 'sentiment': 0.1, 'keyword_mentioned': 'Python', 'message_length': 32}
2025-09-21 21:59:53 | INFO | Message received at hour 21 in category: tech
2025-09-21 21:59:53 | INFO | Updated hourly category counts for hour 21: {'humor': 87, 'tech': 150, 'food': 66, 'travel': 63, 'entertainment': 68, 'gaming': 72, 'other': 212}
2025-09-21 21:59:53 | INFO | Chart updated successfully
2025-09-21 21:59:58 | INFO | {'message': 'I just saw a story! It was funny.', 'author': 'Eve', 'timestamp': '2025-09-21 21:59:58', 'category': 'other', 'sentiment': 0.72, 'keyword_mentioned': 'other', 'message_length': 33}
